{"C:\\dz8-9\\src\\components\\User\\model.js": {"path":"C:\\dz8-9\\src\\components\\User\\model.js","statementMap":{"0":{"start":{"line":1,"column":19},"end":{"line":1,"column":38}},"1":{"start":{"line":2,"column":20},"end":{"line":2,"column":54}},"2":{"start":{"line":4,"column":19},"end":{"line":19,"column":1}},"3":{"start":{"line":21,"column":0},"end":{"line":21,"column":60}}},"fnMap":{},"branchMap":{},"s":{"0":2,"1":2,"2":2,"3":2},"f":{},"b":{},"_coverageSchema":"1a1c01bbd47fc00a2c39e90264f33305004495a9","hash":"0eff221247c1ef12a8a452e63ed6d9a42ed13f9f"}
,"C:\\dz8-9\\src\\components\\User\\service.js": {"path":"C:\\dz8-9\\src\\components\\User\\service.js","statementMap":{"0":{"start":{"line":1,"column":18},"end":{"line":1,"column":36}},"1":{"start":{"line":11,"column":4},"end":{"line":11,"column":37}},"2":{"start":{"line":22,"column":4},"end":{"line":22,"column":41}},"3":{"start":{"line":33,"column":4},"end":{"line":33,"column":37}},"4":{"start":{"line":46,"column":4},"end":{"line":46,"column":59}},"5":{"start":{"line":57,"column":4},"end":{"line":57,"column":47}},"6":{"start":{"line":60,"column":0},"end":{"line":66,"column":2}}},"fnMap":{"0":{"name":"findAll","decl":{"start":{"line":10,"column":9},"end":{"line":10,"column":16}},"loc":{"start":{"line":10,"column":19},"end":{"line":12,"column":1}},"line":10},"1":{"name":"findById","decl":{"start":{"line":21,"column":9},"end":{"line":21,"column":17}},"loc":{"start":{"line":21,"column":22},"end":{"line":23,"column":1}},"line":21},"2":{"name":"create","decl":{"start":{"line":32,"column":9},"end":{"line":32,"column":15}},"loc":{"start":{"line":32,"column":25},"end":{"line":34,"column":1}},"line":32},"3":{"name":"updateById","decl":{"start":{"line":45,"column":9},"end":{"line":45,"column":19}},"loc":{"start":{"line":45,"column":37},"end":{"line":47,"column":1}},"line":45},"4":{"name":"deleteById","decl":{"start":{"line":56,"column":9},"end":{"line":56,"column":19}},"loc":{"start":{"line":56,"column":25},"end":{"line":58,"column":1}},"line":56}},"branchMap":{},"s":{"0":1,"1":2,"2":2,"3":2,"4":3,"5":1,"6":1},"f":{"0":2,"1":2,"2":2,"3":3,"4":1},"b":{},"_coverageSchema":"1a1c01bbd47fc00a2c39e90264f33305004495a9","hash":"923eafee05b7658ee90f3277552e8015ac43d4bb"}
,"C:\\dz8-9\\src\\config\\connection.js": {"path":"C:\\dz8-9\\src\\config\\connection.js","statementMap":{"0":{"start":{"line":1,"column":17},"end":{"line":1,"column":36}},"1":{"start":{"line":3,"column":20},"end":{"line":3,"column":48}},"2":{"start":{"line":4,"column":24},"end":{"line":4,"column":34}},"3":{"start":{"line":5,"column":18},"end":{"line":5,"column":52}},"4":{"start":{"line":7,"column":23},"end":{"line":10,"column":1}},"5":{"start":{"line":12,"column":0},"end":{"line":12,"column":70}}},"fnMap":{},"branchMap":{},"s":{"0":2,"1":2,"2":2,"3":2,"4":2,"5":2},"f":{},"b":{},"_coverageSchema":"1a1c01bbd47fc00a2c39e90264f33305004495a9","hash":"cb2d2da668f066c3782e58aa03f483a2ea274797"}
}
