TN:
SF:src\components\User\model.js
FNF:0
FNH:0
DA:1,2
DA:2,2
DA:4,2
DA:21,2
LF:4
LH:4
BRF:0
BRH:0
end_of_record
TN:
SF:src\components\User\service.js
FN:10,findAll
FN:21,findById
FN:32,create
FN:45,updateById
FN:56,deleteById
FNF:5
FNH:5
FNDA:2,findAll
FNDA:2,findById
FNDA:2,create
FNDA:3,updateById
FNDA:1,deleteById
DA:1,1
DA:11,2
DA:22,2
DA:33,2
DA:46,3
DA:57,1
DA:60,1
LF:7
LH:7
BRF:0
BRH:0
end_of_record
TN:
SF:src\config\connection.js
FNF:0
FNH:0
DA:1,2
DA:3,2
DA:4,2
DA:5,2
DA:7,2
DA:12,2
LF:6
LH:6
BRF:0
BRH:0
end_of_record
